[2019-09-05 19:19:49.289] [exthost] [info] extension host started
[2019-09-05 19:19:49.296] [exthost] [info] ExtensionService#_doActivateExtension vscode.debug-auto-launch {"startup":true,"activationEvent":"*"}
[2019-09-05 19:19:49.296] [exthost] [info] ExtensionService#loadCommonJSModule /usr/lib/code/extensions/debug-auto-launch/dist/extension
[2019-09-05 19:19:49.299] [exthost] [info] ExtensionService#_doActivateExtension vscode.emmet {"startup":true,"activationEvent":"*"}
[2019-09-05 19:19:49.299] [exthost] [info] ExtensionService#loadCommonJSModule /usr/lib/code/extensions/emmet/dist/extension
[2019-09-05 19:19:49.322] [exthost] [info] ExtensionService#_doActivateExtension vscode.git {"startup":true,"activationEvent":"*"}
[2019-09-05 19:19:49.322] [exthost] [info] ExtensionService#loadCommonJSModule /usr/lib/code/extensions/git/dist/main
[2019-09-05 19:19:49.372] [exthost] [info] ExtensionService#_doActivateExtension vscode.merge-conflict {"startup":true,"activationEvent":"*"}
[2019-09-05 19:19:49.372] [exthost] [info] ExtensionService#loadCommonJSModule /usr/lib/code/extensions/merge-conflict/dist/extension
[2019-09-05 19:19:49.376] [exthost] [info] ExtensionService#_doActivateExtension dbaeumer.vscode-eslint {"startup":true,"activationEvent":"*"}
[2019-09-05 19:19:49.376] [exthost] [info] ExtensionService#loadCommonJSModule /home/song/.vscode-oss/extensions/dbaeumer.vscode-eslint-1.9.1/client/out/extension
[2019-09-05 19:19:49.395] [exthost] [info] ExtensionService#_doActivateExtension vscodevim.vim {"startup":true,"activationEvent":"*"}
[2019-09-05 19:19:49.395] [exthost] [info] ExtensionService#loadCommonJSModule /home/song/.vscode-oss/extensions/vscodevim.vim-1.10.0/out/extension
[2019-09-05 19:19:49.647] [exthost] [info] eager extensions activated
[2019-09-05 19:20:07.120] [exthost] [info] extension host started
[2019-09-05 19:20:07.123] [exthost] [info] ExtensionService#_doActivateExtension vscode.debug-auto-launch {"startup":true,"activationEvent":"*"}
[2019-09-05 19:20:07.123] [exthost] [info] ExtensionService#loadCommonJSModule /usr/lib/code/extensions/debug-auto-launch/dist/extension
[2019-09-05 19:20:07.125] [exthost] [info] ExtensionService#_doActivateExtension vscode.emmet {"startup":true,"activationEvent":"*"}
[2019-09-05 19:20:07.125] [exthost] [info] ExtensionService#loadCommonJSModule /usr/lib/code/extensions/emmet/dist/extension
[2019-09-05 19:20:07.148] [exthost] [info] ExtensionService#_doActivateExtension vscode.git {"startup":true,"activationEvent":"*"}
[2019-09-05 19:20:07.148] [exthost] [info] ExtensionService#loadCommonJSModule /usr/lib/code/extensions/git/dist/main
[2019-09-05 19:20:07.195] [exthost] [info] ExtensionService#_doActivateExtension vscode.merge-conflict {"startup":true,"activationEvent":"*"}
[2019-09-05 19:20:07.195] [exthost] [info] ExtensionService#loadCommonJSModule /usr/lib/code/extensions/merge-conflict/dist/extension
[2019-09-05 19:20:07.198] [exthost] [info] ExtensionService#_doActivateExtension dbaeumer.vscode-eslint {"startup":true,"activationEvent":"*"}
[2019-09-05 19:20:07.198] [exthost] [info] ExtensionService#loadCommonJSModule /home/song/.vscode-oss/extensions/dbaeumer.vscode-eslint-1.9.1/client/out/extension
[2019-09-05 19:20:07.217] [exthost] [info] ExtensionService#_doActivateExtension ms-vscode.cpptools {"startup":true,"activationEvent":"*"}
[2019-09-05 19:20:07.217] [exthost] [info] ExtensionService#loadCommonJSModule /home/song/.vscode-oss/extensions/ms-vscode.cpptools-0.25.1/dist/main
[2019-09-05 19:20:07.301] [exthost] [info] ExtensionService#_doActivateExtension vscodevim.vim {"startup":true,"activationEvent":"*"}
[2019-09-05 19:20:07.301] [exthost] [info] ExtensionService#loadCommonJSModule /home/song/.vscode-oss/extensions/vscodevim.vim-1.10.2/out/extension
[2019-09-05 19:20:07.465] [exthost] [info] eager extensions activated
