[2019-09-18 17:08:39.255] [sharedprocess] [info] main {"machineId":"b78201c1f8a883ebe8c8b28f55ab6f0d61861018fb584c7e7c1127e588957120"}
[2019-09-18 17:08:39.556] [sharedprocess] [info] Deleted from disk ms-vscode.cpptools /home/song/.vscode-oss/extensions/ms-vscode.cpptools-0.25.0
[2019-09-18 17:08:39.558] [sharedprocess] [info] Deleted from disk ms-python.python /home/song/.vscode-oss/extensions/ms-python.python-2019.8.30787
[2019-09-18 17:08:39.558] [sharedprocess] [info] Deleted from disk vscodevim.vim /home/song/.vscode-oss/extensions/vscodevim.vim-1.10.0
[2019-09-18 17:08:40.900] [sharedprocess] [info] Installing extension: ms-azuretools.vscode-docker
[2019-09-18 17:08:40.901] [sharedprocess] [info] Installing extension: ms-python.python
[2019-09-18 17:08:42.448] [sharedprocess] [info] Downloaded extension: ms-azuretools.vscode-docker /tmp/33aac64e-8d79-4cd9-b1d7-aa295cb89d69
[2019-09-18 17:08:42.803] [sharedprocess] [info] Extracted extension to /home/song/.vscode-oss/extensions/.ms-azuretools.vscode-docker-0.8.1: ms-azuretools.vscode-docker
[2019-09-18 17:08:42.803] [sharedprocess] [info] Renamed to /home/song/.vscode-oss/extensions/ms-azuretools.vscode-docker-0.8.1
[2019-09-18 17:08:42.804] [sharedprocess] [info] Installation completed. ms-azuretools.vscode-docker
[2019-09-18 17:08:42.829] [sharedprocess] [info] Extensions installed successfully: ms-azuretools.vscode-docker
[2019-09-18 17:08:44.445] [sharedprocess] [info] Downloaded extension: ms-python.python /tmp/12938f5a-3aae-42a1-bbd0-fa2592188d8a
[2019-09-18 17:08:45.639] [sharedprocess] [info] Extracted extension to /home/song/.vscode-oss/extensions/.ms-python.python-2019.9.34911: ms-python.python
[2019-09-18 17:08:45.639] [sharedprocess] [info] Renamed to /home/song/.vscode-oss/extensions/ms-python.python-2019.9.34911
[2019-09-18 17:08:45.641] [sharedprocess] [info] Installation completed. ms-python.python
[2019-09-18 17:08:45.651] [sharedprocess] [info] Extensions installed successfully: ms-python.python
[2019-09-18 17:09:03.207] [sharedprocess] [info] Installing extension: kalitaalexey.vscode-rust
[2019-09-18 17:09:03.490] [sharedprocess] [info] Downloaded extension: kalitaalexey.vscode-rust /tmp/720d93ff-9544-4965-b0ac-9e65656c8db7
[2019-09-18 17:09:03.623] [sharedprocess] [info] Extracted extension to /home/song/.vscode-oss/extensions/.kalitaalexey.vscode-rust-0.4.2: kalitaalexey.vscode-rust
[2019-09-18 17:09:03.623] [sharedprocess] [info] Renamed to /home/song/.vscode-oss/extensions/kalitaalexey.vscode-rust-0.4.2
[2019-09-18 17:09:03.624] [sharedprocess] [info] Installation completed. kalitaalexey.vscode-rust
[2019-09-18 17:09:03.627] [sharedprocess] [info] Extensions installed successfully: kalitaalexey.vscode-rust
[2019-09-18 17:09:06.806] [sharedprocess] [info] Uninstalling extension: kalitaalexey.vscode-rust
[2019-09-18 17:09:06.818] [sharedprocess] [info] Successfully uninstalled extension: kalitaalexey.vscode-rust
[2019-09-18 17:09:08.704] [sharedprocess] [info] Installing extension: rust-lang.rust
[2019-09-18 17:09:08.965] [sharedprocess] [info] Downloaded extension: rust-lang.rust /tmp/0d58c1c5-71a3-4f13-b65d-b441f8ed0f59
[2019-09-18 17:09:09.026] [sharedprocess] [info] Extracted extension to /home/song/.vscode-oss/extensions/.rust-lang.rust-0.6.3: rust-lang.rust
[2019-09-18 17:09:09.026] [sharedprocess] [info] Renamed to /home/song/.vscode-oss/extensions/rust-lang.rust-0.6.3
[2019-09-18 17:09:09.026] [sharedprocess] [info] Installation completed. rust-lang.rust
[2019-09-18 17:09:09.029] [sharedprocess] [info] Extensions installed successfully: rust-lang.rust
[2019-09-18 17:09:19.261] [sharedprocess] [info] Starting to clean up unused language packs.
