[2019-08-20 08:50:59.183] [exthost] [info] extension host started
[2019-08-20 08:50:59.191] [exthost] [info] ExtensionService#_doActivateExtension vscode.debug-auto-launch {"startup":true,"activationEvent":"*"}
[2019-08-20 08:50:59.191] [exthost] [info] ExtensionService#loadCommonJSModule /usr/lib/code/extensions/debug-auto-launch/dist/extension
[2019-08-20 08:50:59.193] [exthost] [info] ExtensionService#_doActivateExtension vscode.emmet {"startup":true,"activationEvent":"*"}
[2019-08-20 08:50:59.193] [exthost] [info] ExtensionService#loadCommonJSModule /usr/lib/code/extensions/emmet/dist/extension
[2019-08-20 08:50:59.217] [exthost] [info] ExtensionService#_doActivateExtension vscode.git {"startup":true,"activationEvent":"*"}
[2019-08-20 08:50:59.217] [exthost] [info] ExtensionService#loadCommonJSModule /usr/lib/code/extensions/git/dist/main
[2019-08-20 08:50:59.266] [exthost] [info] ExtensionService#_doActivateExtension vscode.merge-conflict {"startup":true,"activationEvent":"*"}
[2019-08-20 08:50:59.266] [exthost] [info] ExtensionService#loadCommonJSModule /usr/lib/code/extensions/merge-conflict/dist/extension
[2019-08-20 08:50:59.270] [exthost] [info] ExtensionService#_doActivateExtension dbaeumer.vscode-eslint {"startup":true,"activationEvent":"*"}
[2019-08-20 08:50:59.270] [exthost] [info] ExtensionService#loadCommonJSModule /home/song/.vscode-oss/extensions/dbaeumer.vscode-eslint-1.9.0/client/out/extension
[2019-08-20 08:50:59.288] [exthost] [info] ExtensionService#_doActivateExtension vscodevim.vim {"startup":true,"activationEvent":"*"}
[2019-08-20 08:50:59.288] [exthost] [info] ExtensionService#loadCommonJSModule /home/song/.vscode-oss/extensions/vscodevim.vim-1.9.0/out/extension
[2019-08-20 08:50:59.536] [exthost] [info] eager extensions activated
[2019-08-20 08:51:09.114] [exthost] [info] ExtensionService#_doActivateExtension ms-azuretools.vscode-docker {"startup":false,"activationEvent":"onView:dockerContainers"}
[2019-08-20 08:51:09.114] [exthost] [info] ExtensionService#loadCommonJSModule /home/song/.vscode-oss/extensions/ms-azuretools.vscode-docker-0.7.0/main
[2019-08-20 08:51:15.770] [exthost] [info] extension host started
[2019-08-20 08:51:15.773] [exthost] [info] ExtensionService#_doActivateExtension vscode.debug-auto-launch {"startup":true,"activationEvent":"*"}
[2019-08-20 08:51:15.773] [exthost] [info] ExtensionService#loadCommonJSModule /usr/lib/code/extensions/debug-auto-launch/dist/extension
[2019-08-20 08:51:15.774] [exthost] [info] ExtensionService#_doActivateExtension vscode.emmet {"startup":true,"activationEvent":"*"}
[2019-08-20 08:51:15.774] [exthost] [info] ExtensionService#loadCommonJSModule /usr/lib/code/extensions/emmet/dist/extension
[2019-08-20 08:51:15.797] [exthost] [info] ExtensionService#_doActivateExtension vscode.git {"startup":true,"activationEvent":"*"}
[2019-08-20 08:51:15.797] [exthost] [info] ExtensionService#loadCommonJSModule /usr/lib/code/extensions/git/dist/main
[2019-08-20 08:51:15.844] [exthost] [info] ExtensionService#_doActivateExtension vscode.merge-conflict {"startup":true,"activationEvent":"*"}
[2019-08-20 08:51:15.844] [exthost] [info] ExtensionService#loadCommonJSModule /usr/lib/code/extensions/merge-conflict/dist/extension
[2019-08-20 08:51:15.847] [exthost] [info] ExtensionService#_doActivateExtension dbaeumer.vscode-eslint {"startup":true,"activationEvent":"*"}
[2019-08-20 08:51:15.847] [exthost] [info] ExtensionService#loadCommonJSModule /home/song/.vscode-oss/extensions/dbaeumer.vscode-eslint-1.9.0/client/out/extension
[2019-08-20 08:51:15.863] [exthost] [info] ExtensionService#_doActivateExtension vscodevim.vim {"startup":true,"activationEvent":"*"}
[2019-08-20 08:51:15.863] [exthost] [info] ExtensionService#loadCommonJSModule /home/song/.vscode-oss/extensions/vscodevim.vim-1.9.0/out/extension
[2019-08-20 08:51:16.024] [exthost] [info] eager extensions activated
