[2019-09-18 17:08:37.398] [exthost] [info] extension host started
[2019-09-18 17:08:37.405] [exthost] [info] ExtensionService#_doActivateExtension vscode.debug-auto-launch {"startup":true,"activationEvent":"*"}
[2019-09-18 17:08:37.405] [exthost] [info] ExtensionService#loadCommonJSModule file:///usr/lib/code/extensions/debug-auto-launch/dist/extension
[2019-09-18 17:08:37.408] [exthost] [info] ExtensionService#_doActivateExtension vscode.emmet {"startup":true,"activationEvent":"*"}
[2019-09-18 17:08:37.408] [exthost] [info] ExtensionService#loadCommonJSModule file:///usr/lib/code/extensions/emmet/dist/extension
[2019-09-18 17:08:37.430] [exthost] [info] ExtensionService#_doActivateExtension vscode.git {"startup":true,"activationEvent":"*"}
[2019-09-18 17:08:37.430] [exthost] [info] ExtensionService#loadCommonJSModule file:///usr/lib/code/extensions/git/dist/main
[2019-09-18 17:08:37.481] [exthost] [info] ExtensionService#_doActivateExtension vscode.merge-conflict {"startup":true,"activationEvent":"*"}
[2019-09-18 17:08:37.481] [exthost] [info] ExtensionService#loadCommonJSModule file:///usr/lib/code/extensions/merge-conflict/dist/extension
[2019-09-18 17:08:37.485] [exthost] [info] ExtensionService#_doActivateExtension dbaeumer.vscode-eslint {"startup":true,"activationEvent":"*"}
[2019-09-18 17:08:37.485] [exthost] [info] ExtensionService#loadCommonJSModule file:///home/song/.vscode-oss/extensions/dbaeumer.vscode-eslint-1.9.1/client/out/extension
[2019-09-18 17:08:37.503] [exthost] [info] ExtensionService#_doActivateExtension vscodevim.vim {"startup":true,"activationEvent":"*"}
[2019-09-18 17:08:37.503] [exthost] [info] ExtensionService#loadCommonJSModule file:///home/song/.vscode-oss/extensions/vscodevim.vim-1.10.2/out/extension
[2019-09-18 17:08:37.763] [exthost] [info] eager extensions activated
[2019-09-18 17:08:58.702] [exthost] [info] extension host started
[2019-09-18 17:08:58.705] [exthost] [info] ExtensionService#_doActivateExtension vscode.debug-auto-launch {"startup":true,"activationEvent":"*"}
[2019-09-18 17:08:58.705] [exthost] [info] ExtensionService#loadCommonJSModule file:///usr/lib/code/extensions/debug-auto-launch/dist/extension
[2019-09-18 17:08:58.707] [exthost] [info] ExtensionService#_doActivateExtension vscode.emmet {"startup":true,"activationEvent":"*"}
[2019-09-18 17:08:58.707] [exthost] [info] ExtensionService#loadCommonJSModule file:///usr/lib/code/extensions/emmet/dist/extension
[2019-09-18 17:08:58.729] [exthost] [info] ExtensionService#_doActivateExtension vscode.git {"startup":true,"activationEvent":"*"}
[2019-09-18 17:08:58.729] [exthost] [info] ExtensionService#loadCommonJSModule file:///usr/lib/code/extensions/git/dist/main
[2019-09-18 17:08:58.778] [exthost] [info] ExtensionService#_doActivateExtension vscode.merge-conflict {"startup":true,"activationEvent":"*"}
[2019-09-18 17:08:58.778] [exthost] [info] ExtensionService#loadCommonJSModule file:///usr/lib/code/extensions/merge-conflict/dist/extension
[2019-09-18 17:08:58.781] [exthost] [info] ExtensionService#_doActivateExtension dbaeumer.vscode-eslint {"startup":true,"activationEvent":"*"}
[2019-09-18 17:08:58.781] [exthost] [info] ExtensionService#loadCommonJSModule file:///home/song/.vscode-oss/extensions/dbaeumer.vscode-eslint-1.9.1/client/out/extension
[2019-09-18 17:08:58.799] [exthost] [info] ExtensionService#_doActivateExtension vscodevim.vim {"startup":true,"activationEvent":"*"}
[2019-09-18 17:08:58.799] [exthost] [info] ExtensionService#loadCommonJSModule file:///home/song/.vscode-oss/extensions/vscodevim.vim-1.10.2/out/extension
[2019-09-18 17:08:58.959] [exthost] [info] eager extensions activated
[2019-09-18 17:09:09.058] [exthost] [info] ExtensionService#_doActivateExtension rust-lang.rust {"startup":false,"activationEvent":"workspaceContains:Cargo.toml"}
[2019-09-18 17:09:09.058] [exthost] [info] ExtensionService#loadCommonJSModule file:///home/song/.vscode-oss/extensions/rust-lang.rust-0.6.3/out/src/extension.js
